[0.612s] DEBUG:colcon:Command line arguments: ['/home/athxrva/.local/bin/colcon', 'list', '-p', '--base-paths', '/home/athxrva/eyrc_hb/hb_task5_ws']
[0.612s] DEBUG:colcon:Parsed command line arguments: Namespace(log_base=None, log_level=None, verb_name='list', build_base='build', ignore_user_meta=False, metas=['./colcon.meta'], base_paths=['/home/athxrva/eyrc_hb/hb_task5_ws'], packages_ignore=None, packages_ignore_regex=None, paths=None, packages_up_to=None, packages_up_to_regex=None, packages_above=None, packages_above_and_dependencies=None, packages_above_depth=None, packages_select_by_dep=None, packages_skip_by_dep=None, packages_skip_up_to=None, packages_select_build_failed=False, packages_skip_build_finished=False, packages_select_test_failures=False, packages_skip_test_passed=False, packages_select=None, packages_skip=None, packages_select_regex=None, packages_skip_regex=None, packages_start=None, packages_end=None, allow_overriding=[], topological_order=False, names_only=False, paths_only=True, topological_graph=False, topological_graph_dot=False, topological_graph_density=False, topological_graph_legend=False, topological_graph_dot_cluster=False, topological_graph_dot_include_skipped=False, verb_parser=<colcon_defaults.argument_parser.defaults.DefaultArgumentsDecorator object at 0x7f7291a48af0>, verb_extension=<colcon_package_information.verb.list.ListVerb object at 0x7f7291bf2110>, main=<bound method ListVerb.main of <colcon_package_information.verb.list.ListVerb object at 0x7f7291bf2110>>)
[0.650s] Level 1:colcon.colcon_core.package_discovery:discover_packages(colcon_meta) check parameters
[0.650s] Level 1:colcon.colcon_core.package_discovery:discover_packages(recursive) check parameters
[0.650s] Level 1:colcon.colcon_core.package_discovery:discover_packages(ignore) check parameters
[0.650s] Level 1:colcon.colcon_core.package_discovery:discover_packages(path) check parameters
[0.650s] Level 1:colcon.colcon_core.package_discovery:discover_packages(recursive) discover
[0.650s] INFO:colcon.colcon_core.package_discovery:Crawling recursively for packages in '/home/athxrva/eyrc_hb/hb_task5_ws'
[0.651s] Level 1:colcon.colcon_core.package_identification:_identify(/home/athxrva/eyrc_hb/hb_task5_ws) by extensions ['ignore', 'ignore_ament_install']
[0.651s] Level 1:colcon.colcon_core.package_identification:_identify(/home/athxrva/eyrc_hb/hb_task5_ws) by extension 'ignore'
[0.651s] Level 1:colcon.colcon_core.package_identification:_identify(/home/athxrva/eyrc_hb/hb_task5_ws) by extension 'ignore_ament_install'
[0.651s] Level 1:colcon.colcon_core.package_identification:_identify(/home/athxrva/eyrc_hb/hb_task5_ws) by extensions ['colcon_pkg']
[0.651s] Level 1:colcon.colcon_core.package_identification:_identify(/home/athxrva/eyrc_hb/hb_task5_ws) by extension 'colcon_pkg'
[0.651s] Level 1:colcon.colcon_core.package_identification:_identify(/home/athxrva/eyrc_hb/hb_task5_ws) by extensions ['colcon_meta']
[0.651s] Level 1:colcon.colcon_core.package_identification:_identify(/home/athxrva/eyrc_hb/hb_task5_ws) by extension 'colcon_meta'
[0.651s] Level 1:colcon.colcon_core.package_identification:_identify(/home/athxrva/eyrc_hb/hb_task5_ws) by extensions ['ros']
[0.651s] Level 1:colcon.colcon_core.package_identification:_identify(/home/athxrva/eyrc_hb/hb_task5_ws) by extension 'ros'
[0.667s] Level 1:colcon.colcon_core.package_identification:_identify(/home/athxrva/eyrc_hb/hb_task5_ws) by extensions ['cmake', 'python']
[0.667s] Level 1:colcon.colcon_core.package_identification:_identify(/home/athxrva/eyrc_hb/hb_task5_ws) by extension 'cmake'
[0.667s] Level 1:colcon.colcon_core.package_identification:_identify(/home/athxrva/eyrc_hb/hb_task5_ws) by extension 'python'
[0.667s] Level 1:colcon.colcon_core.package_identification:_identify(/home/athxrva/eyrc_hb/hb_task5_ws) by extensions ['python_setup_py']
[0.667s] Level 1:colcon.colcon_core.package_identification:_identify(/home/athxrva/eyrc_hb/hb_task5_ws) by extension 'python_setup_py'
[0.667s] Level 1:colcon.colcon_core.package_identification:_identify(/home/athxrva/eyrc_hb/hb_task5_ws/log) by extensions ['ignore', 'ignore_ament_install']
[0.667s] Level 1:colcon.colcon_core.package_identification:_identify(/home/athxrva/eyrc_hb/hb_task5_ws/log) by extension 'ignore'
[0.668s] Level 1:colcon.colcon_core.package_identification:_identify(/home/athxrva/eyrc_hb/hb_task5_ws/log) ignored
[0.668s] Level 1:colcon.colcon_core.package_identification:_identify(/home/athxrva/eyrc_hb/hb_task5_ws/src) by extensions ['ignore', 'ignore_ament_install']
[0.668s] Level 1:colcon.colcon_core.package_identification:_identify(/home/athxrva/eyrc_hb/hb_task5_ws/src) by extension 'ignore'
[0.668s] Level 1:colcon.colcon_core.package_identification:_identify(/home/athxrva/eyrc_hb/hb_task5_ws/src) by extension 'ignore_ament_install'
[0.668s] Level 1:colcon.colcon_core.package_identification:_identify(/home/athxrva/eyrc_hb/hb_task5_ws/src) by extensions ['colcon_pkg']
[0.668s] Level 1:colcon.colcon_core.package_identification:_identify(/home/athxrva/eyrc_hb/hb_task5_ws/src) by extension 'colcon_pkg'
[0.668s] Level 1:colcon.colcon_core.package_identification:_identify(/home/athxrva/eyrc_hb/hb_task5_ws/src) by extensions ['colcon_meta']
[0.668s] Level 1:colcon.colcon_core.package_identification:_identify(/home/athxrva/eyrc_hb/hb_task5_ws/src) by extension 'colcon_meta'
[0.668s] Level 1:colcon.colcon_core.package_identification:_identify(/home/athxrva/eyrc_hb/hb_task5_ws/src) by extensions ['ros']
[0.668s] Level 1:colcon.colcon_core.package_identification:_identify(/home/athxrva/eyrc_hb/hb_task5_ws/src) by extension 'ros'
[0.668s] Level 1:colcon.colcon_core.package_identification:_identify(/home/athxrva/eyrc_hb/hb_task5_ws/src) by extensions ['cmake', 'python']
[0.668s] Level 1:colcon.colcon_core.package_identification:_identify(/home/athxrva/eyrc_hb/hb_task5_ws/src) by extension 'cmake'
[0.668s] Level 1:colcon.colcon_core.package_identification:_identify(/home/athxrva/eyrc_hb/hb_task5_ws/src) by extension 'python'
[0.668s] Level 1:colcon.colcon_core.package_identification:_identify(/home/athxrva/eyrc_hb/hb_task5_ws/src) by extensions ['python_setup_py']
[0.668s] Level 1:colcon.colcon_core.package_identification:_identify(/home/athxrva/eyrc_hb/hb_task5_ws/src) by extension 'python_setup_py'
[0.669s] Level 1:colcon.colcon_core.package_identification:_identify(/home/athxrva/eyrc_hb/hb_task5_ws/src/task5a) by extensions ['ignore', 'ignore_ament_install']
[0.669s] Level 1:colcon.colcon_core.package_identification:_identify(/home/athxrva/eyrc_hb/hb_task5_ws/src/task5a) by extension 'ignore'
[0.669s] Level 1:colcon.colcon_core.package_identification:_identify(/home/athxrva/eyrc_hb/hb_task5_ws/src/task5a) by extension 'ignore_ament_install'
[0.669s] Level 1:colcon.colcon_core.package_identification:_identify(/home/athxrva/eyrc_hb/hb_task5_ws/src/task5a) by extensions ['colcon_pkg']
[0.669s] Level 1:colcon.colcon_core.package_identification:_identify(/home/athxrva/eyrc_hb/hb_task5_ws/src/task5a) by extension 'colcon_pkg'
[0.669s] Level 1:colcon.colcon_core.package_identification:_identify(/home/athxrva/eyrc_hb/hb_task5_ws/src/task5a) by extensions ['colcon_meta']
[0.669s] Level 1:colcon.colcon_core.package_identification:_identify(/home/athxrva/eyrc_hb/hb_task5_ws/src/task5a) by extension 'colcon_meta'
[0.669s] Level 1:colcon.colcon_core.package_identification:_identify(/home/athxrva/eyrc_hb/hb_task5_ws/src/task5a) by extensions ['ros']
[0.669s] Level 1:colcon.colcon_core.package_identification:_identify(/home/athxrva/eyrc_hb/hb_task5_ws/src/task5a) by extension 'ros'
[0.678s] DEBUG:colcon.colcon_core.package_identification:Package '/home/athxrva/eyrc_hb/hb_task5_ws/src/task5a' with type 'ros.ament_python' and name 'task5a'
[0.678s] Level 1:colcon.colcon_core.package_discovery:discover_packages(recursive) using defaults
