/home/athxrva/eyrc_hb/task6_ws/install/task_6/lib/python3.10/site-packages/task_6/controller_2.py
/home/athxrva/eyrc_hb/task6_ws/install/task_6/lib/python3.10/site-packages/task_6/__init__.py
/home/athxrva/eyrc_hb/task6_ws/install/task_6/lib/python3.10/site-packages/task_6/controller_1.py
/home/athxrva/eyrc_hb/task6_ws/install/task_6/lib/python3.10/site-packages/task_6/feedback.py
/home/athxrva/eyrc_hb/task6_ws/install/task_6/lib/python3.10/site-packages/task_6/controller_3.py
/home/athxrva/eyrc_hb/task6_ws/install/task_6/lib/python3.10/site-packages/task_6/__pycache__/controller_2.cpython-310.pyc
/home/athxrva/eyrc_hb/task6_ws/install/task_6/lib/python3.10/site-packages/task_6/__pycache__/__init__.cpython-310.pyc
/home/athxrva/eyrc_hb/task6_ws/install/task_6/lib/python3.10/site-packages/task_6/__pycache__/controller_1.cpython-310.pyc
/home/athxrva/eyrc_hb/task6_ws/install/task_6/lib/python3.10/site-packages/task_6/__pycache__/feedback.cpython-310.pyc
/home/athxrva/eyrc_hb/task6_ws/install/task_6/lib/python3.10/site-packages/task_6/__pycache__/controller_3.cpython-310.pyc
/home/athxrva/eyrc_hb/task6_ws/install/task_6/share/ament_index/resource_index/packages/task_6
/home/athxrva/eyrc_hb/task6_ws/install/task_6/share/task_6/package.xml
/home/athxrva/eyrc_hb/task6_ws/install/task_6/share/task_6/task6_controller.launch.py
/home/athxrva/eyrc_hb/task6_ws/install/task_6/lib/python3.10/site-packages/task_6-0.0.0-py3.10.egg-info/dependency_links.txt
/home/athxrva/eyrc_hb/task6_ws/install/task_6/lib/python3.10/site-packages/task_6-0.0.0-py3.10.egg-info/top_level.txt
/home/athxrva/eyrc_hb/task6_ws/install/task_6/lib/python3.10/site-packages/task_6-0.0.0-py3.10.egg-info/requires.txt
/home/athxrva/eyrc_hb/task6_ws/install/task_6/lib/python3.10/site-packages/task_6-0.0.0-py3.10.egg-info/PKG-INFO
/home/athxrva/eyrc_hb/task6_ws/install/task_6/lib/python3.10/site-packages/task_6-0.0.0-py3.10.egg-info/SOURCES.txt
/home/athxrva/eyrc_hb/task6_ws/install/task_6/lib/python3.10/site-packages/task_6-0.0.0-py3.10.egg-info/zip-safe
/home/athxrva/eyrc_hb/task6_ws/install/task_6/lib/python3.10/site-packages/task_6-0.0.0-py3.10.egg-info/entry_points.txt
/home/athxrva/eyrc_hb/task6_ws/install/task_6/lib/task_6/controller_1
/home/athxrva/eyrc_hb/task6_ws/install/task_6/lib/task_6/controller_2
/home/athxrva/eyrc_hb/task6_ws/install/task_6/lib/task_6/controller_3
/home/athxrva/eyrc_hb/task6_ws/install/task_6/lib/task_6/feedback
